[2022-08-04 13:04:49Z INFO HostContext] No proxy settings were found based on environmental variables (http_proxy/https_proxy/HTTP_PROXY/HTTPS_PROXY)
[2022-08-04 13:04:49Z INFO HostContext] Well known directory 'Bin': '/Users/nichgul/AZUREDEVOPS/PROJECTS/INFRA/TERRAFORM-VAULT/vault-guides/actions-runner/bin'
[2022-08-04 13:04:49Z INFO HostContext] Well known directory 'Root': '/Users/nichgul/AZUREDEVOPS/PROJECTS/INFRA/TERRAFORM-VAULT/vault-guides/actions-runner'
[2022-08-04 13:04:49Z INFO HostContext] Well known config file 'Credentials': '/Users/nichgul/AZUREDEVOPS/PROJECTS/INFRA/TERRAFORM-VAULT/vault-guides/actions-runner/.credentials'
[2022-08-04 13:04:49Z INFO HostContext] Well known directory 'Bin': '/Users/nichgul/AZUREDEVOPS/PROJECTS/INFRA/TERRAFORM-VAULT/vault-guides/actions-runner/bin'
[2022-08-04 13:04:49Z INFO HostContext] Well known directory 'Root': '/Users/nichgul/AZUREDEVOPS/PROJECTS/INFRA/TERRAFORM-VAULT/vault-guides/actions-runner'
[2022-08-04 13:04:49Z INFO HostContext] Well known config file 'Runner': '/Users/nichgul/AZUREDEVOPS/PROJECTS/INFRA/TERRAFORM-VAULT/vault-guides/actions-runner/.runner'
[2022-08-04 13:04:49Z INFO Listener] Runner is built for OSX (X64) - osx-x64.
[2022-08-04 13:04:49Z INFO Listener] RuntimeInformation: Darwin 21.6.0 Darwin Kernel Version 21.6.0: Sat Jun 18 17:07:25 PDT 2022; root:xnu-8020.140.41~1/RELEASE_X86_64.
[2022-08-04 13:04:49Z INFO Listener] Version: 2.294.0
[2022-08-04 13:04:49Z INFO Listener] Commit: 709bd6113d2fca3a89a0fef11913ce4efd7b8cc5
[2022-08-04 13:04:49Z INFO Listener] Culture: en-US
[2022-08-04 13:04:49Z INFO Listener] UI Culture: en-US
[2022-08-04 13:04:49Z INFO HostContext] Well known directory 'Bin': '/Users/nichgul/AZUREDEVOPS/PROJECTS/INFRA/TERRAFORM-VAULT/vault-guides/actions-runner/bin'
[2022-08-04 13:04:49Z INFO HostContext] Well known directory 'Root': '/Users/nichgul/AZUREDEVOPS/PROJECTS/INFRA/TERRAFORM-VAULT/vault-guides/actions-runner'
[2022-08-04 13:04:49Z INFO Listener] Validating directory permissions for: '/Users/nichgul/AZUREDEVOPS/PROJECTS/INFRA/TERRAFORM-VAULT/vault-guides/actions-runner'
[2022-08-04 13:04:49Z INFO CommandLineParser] Parse
[2022-08-04 13:04:49Z INFO CommandLineParser] Parsing 5 args
[2022-08-04 13:04:49Z INFO CommandLineParser] parsing argument
[2022-08-04 13:04:49Z INFO CommandLineParser] HasArgs: False
[2022-08-04 13:04:49Z INFO CommandLineParser] Adding Command: configure
[2022-08-04 13:04:49Z INFO CommandLineParser] parsing argument
[2022-08-04 13:04:49Z INFO CommandLineParser] HasArgs: True
[2022-08-04 13:04:49Z INFO CommandLineParser] arg: url
[2022-08-04 13:04:49Z INFO CommandLineParser] parsing argument
[2022-08-04 13:04:49Z INFO CommandLineParser] HasArgs: True
[2022-08-04 13:04:49Z INFO CommandLineParser] Adding option 'url': 'https://github.com/nickgulrajani/vault-action-exampleapp'
[2022-08-04 13:04:49Z INFO CommandLineParser] parsing argument
[2022-08-04 13:04:49Z INFO CommandLineParser] HasArgs: True
[2022-08-04 13:04:49Z INFO CommandLineParser] arg: token
[2022-08-04 13:04:49Z INFO CommandLineParser] parsing argument
[2022-08-04 13:04:49Z INFO CommandLineParser] HasArgs: True
[2022-08-04 13:04:49Z INFO CommandLineParser] Adding option 'token': '***'
[2022-08-04 13:04:49Z INFO Listener] Arguments parsed
[2022-08-04 13:04:50Z INFO Runner] ExecuteCommand
[2022-08-04 13:04:50Z INFO ConfigurationStore] currentAssemblyLocation: /Users/nichgul/AZUREDEVOPS/PROJECTS/INFRA/TERRAFORM-VAULT/vault-guides/actions-runner/bin/Runner.Listener.dll
[2022-08-04 13:04:50Z INFO HostContext] Well known directory 'Bin': '/Users/nichgul/AZUREDEVOPS/PROJECTS/INFRA/TERRAFORM-VAULT/vault-guides/actions-runner/bin'
[2022-08-04 13:04:50Z INFO ConfigurationStore] binPath: /Users/nichgul/AZUREDEVOPS/PROJECTS/INFRA/TERRAFORM-VAULT/vault-guides/actions-runner/bin
[2022-08-04 13:04:50Z INFO HostContext] Well known directory 'Bin': '/Users/nichgul/AZUREDEVOPS/PROJECTS/INFRA/TERRAFORM-VAULT/vault-guides/actions-runner/bin'
[2022-08-04 13:04:50Z INFO HostContext] Well known directory 'Root': '/Users/nichgul/AZUREDEVOPS/PROJECTS/INFRA/TERRAFORM-VAULT/vault-guides/actions-runner'
[2022-08-04 13:04:50Z INFO ConfigurationStore] RootFolder: /Users/nichgul/AZUREDEVOPS/PROJECTS/INFRA/TERRAFORM-VAULT/vault-guides/actions-runner
[2022-08-04 13:04:50Z INFO HostContext] Well known directory 'Bin': '/Users/nichgul/AZUREDEVOPS/PROJECTS/INFRA/TERRAFORM-VAULT/vault-guides/actions-runner/bin'
[2022-08-04 13:04:50Z INFO HostContext] Well known directory 'Root': '/Users/nichgul/AZUREDEVOPS/PROJECTS/INFRA/TERRAFORM-VAULT/vault-guides/actions-runner'
[2022-08-04 13:04:50Z INFO HostContext] Well known config file 'Runner': '/Users/nichgul/AZUREDEVOPS/PROJECTS/INFRA/TERRAFORM-VAULT/vault-guides/actions-runner/.runner'
[2022-08-04 13:04:50Z INFO ConfigurationStore] ConfigFilePath: /Users/nichgul/AZUREDEVOPS/PROJECTS/INFRA/TERRAFORM-VAULT/vault-guides/actions-runner/.runner
[2022-08-04 13:04:50Z INFO HostContext] Well known directory 'Bin': '/Users/nichgul/AZUREDEVOPS/PROJECTS/INFRA/TERRAFORM-VAULT/vault-guides/actions-runner/bin'
[2022-08-04 13:04:50Z INFO HostContext] Well known directory 'Root': '/Users/nichgul/AZUREDEVOPS/PROJECTS/INFRA/TERRAFORM-VAULT/vault-guides/actions-runner'
[2022-08-04 13:04:50Z INFO HostContext] Well known config file 'Credentials': '/Users/nichgul/AZUREDEVOPS/PROJECTS/INFRA/TERRAFORM-VAULT/vault-guides/actions-runner/.credentials'
[2022-08-04 13:04:50Z INFO ConfigurationStore] CredFilePath: /Users/nichgul/AZUREDEVOPS/PROJECTS/INFRA/TERRAFORM-VAULT/vault-guides/actions-runner/.credentials
[2022-08-04 13:04:50Z INFO HostContext] Well known directory 'Bin': '/Users/nichgul/AZUREDEVOPS/PROJECTS/INFRA/TERRAFORM-VAULT/vault-guides/actions-runner/bin'
[2022-08-04 13:04:50Z INFO HostContext] Well known directory 'Root': '/Users/nichgul/AZUREDEVOPS/PROJECTS/INFRA/TERRAFORM-VAULT/vault-guides/actions-runner'
[2022-08-04 13:04:50Z INFO HostContext] Well known config file 'MigratedCredentials': '/Users/nichgul/AZUREDEVOPS/PROJECTS/INFRA/TERRAFORM-VAULT/vault-guides/actions-runner/.credentials_migrated'
[2022-08-04 13:04:50Z INFO ConfigurationStore] MigratedCredFilePath: /Users/nichgul/AZUREDEVOPS/PROJECTS/INFRA/TERRAFORM-VAULT/vault-guides/actions-runner/.credentials_migrated
[2022-08-04 13:04:50Z INFO HostContext] Well known directory 'Bin': '/Users/nichgul/AZUREDEVOPS/PROJECTS/INFRA/TERRAFORM-VAULT/vault-guides/actions-runner/bin'
[2022-08-04 13:04:50Z INFO HostContext] Well known directory 'Root': '/Users/nichgul/AZUREDEVOPS/PROJECTS/INFRA/TERRAFORM-VAULT/vault-guides/actions-runner'
[2022-08-04 13:04:50Z INFO HostContext] Well known config file 'Service': '/Users/nichgul/AZUREDEVOPS/PROJECTS/INFRA/TERRAFORM-VAULT/vault-guides/actions-runner/.service'
[2022-08-04 13:04:50Z INFO ConfigurationStore] ServiceConfigFilePath: /Users/nichgul/AZUREDEVOPS/PROJECTS/INFRA/TERRAFORM-VAULT/vault-guides/actions-runner/.service
[2022-08-04 13:04:50Z INFO CommandSettings] Flag 'help': 'False'
[2022-08-04 13:04:50Z INFO CommandSettings] Flag 'version': 'False'
[2022-08-04 13:04:50Z INFO CommandSettings] Flag 'commit': 'False'
[2022-08-04 13:04:50Z INFO CommandSettings] Flag 'check': 'False'
[2022-08-04 13:04:50Z INFO CommandSettings] Command 'configure': 'True'
[2022-08-04 13:04:50Z INFO Terminal] WRITE LINE: 
[2022-08-04 13:04:50Z INFO Terminal] WRITE LINE: --------------------------------------------------------------------------------
[2022-08-04 13:04:50Z INFO Terminal] WRITE LINE: |        ____ _ _   _   _       _          _        _   _                      |
[2022-08-04 13:04:50Z INFO Terminal] WRITE LINE: |       / ___(_) |_| | | |_   _| |__      / \   ___| |_(_) ___  _ __  ___      |
[2022-08-04 13:04:50Z INFO Terminal] WRITE LINE: |      | |  _| | __| |_| | | | | '_ \    / _ \ / __| __| |/ _ \| '_ \/ __|     |
[2022-08-04 13:04:50Z INFO Terminal] WRITE LINE: |      | |_| | | |_|  _  | |_| | |_) |  / ___ \ (__| |_| | (_) | | | \__ \     |
[2022-08-04 13:04:50Z INFO Terminal] WRITE LINE: |       \____|_|\__|_| |_|\__,_|_.__/  /_/   \_\___|\__|_|\___/|_| |_|___/     |
[2022-08-04 13:04:50Z INFO Terminal] WRITE LINE: |                                                                              |
[2022-08-04 13:04:50Z INFO Terminal] WRITE: |                       
[2022-08-04 13:04:50Z INFO Terminal] WRITE: Self-hosted runner registration
[2022-08-04 13:04:50Z INFO Terminal] WRITE LINE:                         |
[2022-08-04 13:04:50Z INFO Terminal] WRITE LINE: |                                                                              |
[2022-08-04 13:04:50Z INFO Terminal] WRITE LINE: --------------------------------------------------------------------------------
[2022-08-04 13:04:50Z INFO ConfigurationManager] ConfigureAsync
[2022-08-04 13:04:50Z INFO ConfigurationStore] IsConfigured()
[2022-08-04 13:04:50Z INFO ConfigurationStore] IsConfigured: False
[2022-08-04 13:04:50Z INFO ConfigurationManager] Is configured: False
[2022-08-04 13:04:50Z INFO CommandSettings] Arg 'url': 'https://github.com/nickgulrajani/vault-action-exampleapp'
[2022-08-04 13:04:50Z INFO CommandSettings] Remove url from Arg dictionary.
[2022-08-04 13:04:50Z INFO CommandSettings] Arg 'token': '***'
[2022-08-04 13:04:50Z INFO CommandSettings] Remove token from Arg dictionary.
[2022-08-04 13:04:53Z INFO ConfigurationManager] Http response code: OK from 'POST https://api.github.com/actions/runner-registration'
[2022-08-04 13:04:53Z INFO ConfigurationManager] cred retrieved via GitHub auth
[2022-08-04 13:04:53Z INFO RunnerServer] Establish connection with 100 seconds timeout.
[2022-08-04 13:04:54Z INFO GitHubActionsService] Starting operation Location.GetConnectionData
[2022-08-04 13:04:54Z INFO RunnerServer] Establish connection with 60 seconds timeout.
[2022-08-04 13:04:54Z INFO GitHubActionsService] Starting operation Location.GetConnectionData
[2022-08-04 13:04:54Z INFO RunnerServer] Establish connection with 60 seconds timeout.
[2022-08-04 13:04:54Z INFO GitHubActionsService] Starting operation Location.GetConnectionData
[2022-08-04 13:04:55Z INFO GitHubActionsService] Finished operation Location.GetConnectionData
[2022-08-04 13:04:55Z INFO GitHubActionsService] Finished operation Location.GetConnectionData
[2022-08-04 13:04:55Z INFO GitHubActionsService] Finished operation Location.GetConnectionData
[2022-08-04 13:04:55Z INFO Terminal] WRITE LINE: 
[2022-08-04 13:04:55Z INFO ConfigurationManager] Test Connection complete.
[2022-08-04 13:04:55Z INFO HostContext] Well known directory 'Bin': '/Users/nichgul/AZUREDEVOPS/PROJECTS/INFRA/TERRAFORM-VAULT/vault-guides/actions-runner/bin'
[2022-08-04 13:04:55Z INFO HostContext] Well known directory 'Root': '/Users/nichgul/AZUREDEVOPS/PROJECTS/INFRA/TERRAFORM-VAULT/vault-guides/actions-runner'
[2022-08-04 13:04:55Z INFO HostContext] Well known config file 'RSACredentials': '/Users/nichgul/AZUREDEVOPS/PROJECTS/INFRA/TERRAFORM-VAULT/vault-guides/actions-runner/.credentials_rsaparams'
[2022-08-04 13:04:55Z INFO RSAFileKeyManager] Creating new RSA key using 2048-bit key length
[2022-08-04 13:04:55Z INFO RSAFileKeyManager] Successfully saved RSA key parameters to file /Users/nichgul/AZUREDEVOPS/PROJECTS/INFRA/TERRAFORM-VAULT/vault-guides/actions-runner/.credentials_rsaparams
[2022-08-04 13:04:55Z INFO RSAFileKeyManager] Which: 'chmod'
[2022-08-04 13:04:55Z INFO RSAFileKeyManager] Location: '/bin/chmod'
[2022-08-04 13:04:56Z INFO HostContext] Well known directory 'Bin': '/Users/nichgul/AZUREDEVOPS/PROJECTS/INFRA/TERRAFORM-VAULT/vault-guides/actions-runner/bin'
[2022-08-04 13:04:56Z INFO HostContext] Well known directory 'Root': '/Users/nichgul/AZUREDEVOPS/PROJECTS/INFRA/TERRAFORM-VAULT/vault-guides/actions-runner'
[2022-08-04 13:04:56Z INFO ProcessInvokerWrapper] Starting process:
[2022-08-04 13:04:56Z INFO ProcessInvokerWrapper]   File name: '/bin/chmod'
[2022-08-04 13:04:56Z INFO ProcessInvokerWrapper]   Arguments: '600 /Users/nichgul/AZUREDEVOPS/PROJECTS/INFRA/TERRAFORM-VAULT/vault-guides/actions-runner/.credentials_rsaparams'
[2022-08-04 13:04:56Z INFO ProcessInvokerWrapper]   Working directory: '/Users/nichgul/AZUREDEVOPS/PROJECTS/INFRA/TERRAFORM-VAULT/vault-guides/actions-runner'
[2022-08-04 13:04:56Z INFO ProcessInvokerWrapper]   Require exit code zero: 'False'
[2022-08-04 13:04:56Z INFO ProcessInvokerWrapper]   Encoding web name:  ; code page: ''
[2022-08-04 13:04:56Z INFO ProcessInvokerWrapper]   Force kill process on cancellation: 'False'
[2022-08-04 13:04:56Z INFO ProcessInvokerWrapper]   Redirected STDIN: 'False'
[2022-08-04 13:04:56Z INFO ProcessInvokerWrapper]   Persist current code page: 'False'
[2022-08-04 13:04:56Z INFO ProcessInvokerWrapper]   Keep redirected STDIN open: 'False'
[2022-08-04 13:04:56Z INFO ProcessInvokerWrapper]   High priority process: 'False'
[2022-08-04 13:04:56Z INFO ProcessInvokerWrapper] Process started with process id 14221, waiting for process exit.
[2022-08-04 13:04:56Z INFO ProcessInvokerWrapper] STDOUT/STDERR stream read finished.
[2022-08-04 13:04:56Z INFO ProcessInvokerWrapper] STDOUT/STDERR stream read finished.
[2022-08-04 13:04:56Z INFO ProcessInvokerWrapper] Finished process 14221 with exit code 0, and elapsed time 00:00:00.1711707.
[2022-08-04 13:04:56Z INFO RSAFileKeyManager] Successfully set permissions for RSA key parameters file /Users/nichgul/AZUREDEVOPS/PROJECTS/INFRA/TERRAFORM-VAULT/vault-guides/actions-runner/.credentials_rsaparams
[2022-08-04 13:04:56Z INFO CommandSettings] Arg 'runnergroup': ''
[2022-08-04 13:04:56Z INFO CommandSettings] Flag 'unattended': 'False'
[2022-08-04 13:04:56Z INFO PromptManager] ReadValue
[2022-08-04 13:04:56Z INFO Terminal] WRITE: Enter the name of the runner group to add this runner to: 
[2022-08-04 13:04:56Z INFO Terminal] WRITE: [press Enter for Default] 
[2022-08-04 13:04:56Z INFO Terminal] READ LINE
[2022-08-04 13:04:57Z INFO Terminal] Read value: ''
[2022-08-04 13:04:57Z INFO PromptManager] Falling back to the default: 'Default'
[2022-08-04 13:04:57Z INFO Terminal] WRITE LINE: 
[2022-08-04 13:04:57Z INFO ConfigurationManager] Found a self-hosted runner group with id 1 and name Default
[2022-08-04 13:04:57Z INFO CommandSettings] Flag 'disableupdate': 'False'
[2022-08-04 13:04:57Z INFO CommandSettings] Flag 'ephemeral': 'False'
[2022-08-04 13:04:57Z INFO CommandSettings] Arg 'name': ''
[2022-08-04 13:04:57Z INFO CommandSettings] Flag 'unattended': 'False'
[2022-08-04 13:04:57Z INFO PromptManager] ReadValue
[2022-08-04 13:04:57Z INFO Terminal] WRITE: Enter the name of runner: 
[2022-08-04 13:04:57Z INFO Terminal] WRITE: [press Enter for LT-APL0075987] 
[2022-08-04 13:04:57Z INFO Terminal] READ LINE
[2022-08-04 13:04:58Z INFO Terminal] Read value: ''
[2022-08-04 13:04:58Z INFO PromptManager] Falling back to the default: 'LT-APL0075987'
[2022-08-04 13:04:58Z INFO Terminal] WRITE LINE: 
[2022-08-04 13:04:58Z INFO CommandSettings] Arg 'labels': ''
[2022-08-04 13:04:58Z INFO CommandSettings] Flag 'unattended': 'False'
[2022-08-04 13:04:58Z INFO PromptManager] ReadValue
[2022-08-04 13:04:58Z INFO Terminal] WRITE: This runner will have the following labels: 'self-hosted', 'macOS', 'X64' 
Enter any additional labels (ex. label-1,label-2): 
[2022-08-04 13:04:58Z INFO Terminal] WRITE: [press Enter to skip] 
[2022-08-04 13:04:58Z INFO Terminal] READ LINE
[2022-08-04 13:04:59Z INFO Terminal] Read value: ''
[2022-08-04 13:04:59Z INFO Terminal] WRITE LINE: 
[2022-08-04 13:04:59Z INFO CommandSettings] Flag 'disableupdate': 'False'
[2022-08-04 13:04:59Z INFO CommandSettings] Flag 'disableupdate': 'False'
[2022-08-04 13:04:59Z INFO CommandSettings] Flag 'ephemeral': 'False'
[2022-08-04 13:04:59Z INFO ConfigurationStore] Saving OAuth credential @ /Users/nichgul/AZUREDEVOPS/PROJECTS/INFRA/TERRAFORM-VAULT/vault-guides/actions-runner/.credentials
[2022-08-04 13:04:59Z INFO ConfigurationStore] Credentials Saved.
[2022-08-04 13:04:59Z INFO ConfigurationStore] HasCredentials()
[2022-08-04 13:04:59Z INFO ConfigurationStore] stored True
[2022-08-04 13:04:59Z INFO CredentialManager] GetCredentialProvider
[2022-08-04 13:04:59Z INFO CredentialManager] Creating type OAuth
[2022-08-04 13:04:59Z INFO CredentialManager] Creating credential type: OAuth
[2022-08-04 13:04:59Z INFO RSAFileKeyManager] Loading RSA key parameters from file /Users/nichgul/AZUREDEVOPS/PROJECTS/INFRA/TERRAFORM-VAULT/vault-guides/actions-runner/.credentials_rsaparams
[2022-08-04 13:05:00Z INFO RunnerServer] Establish connection with 100 seconds timeout.
[2022-08-04 13:05:00Z INFO GitHubActionsService] Starting operation Location.GetConnectionData
[2022-08-04 13:05:00Z INFO RunnerServer] Establish connection with 60 seconds timeout.
[2022-08-04 13:05:00Z INFO GitHubActionsService] Starting operation Location.GetConnectionData
[2022-08-04 13:05:00Z INFO RunnerServer] Establish connection with 60 seconds timeout.
[2022-08-04 13:05:00Z INFO GitHubActionsService] Starting operation Location.GetConnectionData
[2022-08-04 13:05:00Z INFO GitHubActionsService] Finished operation Location.GetConnectionData
[2022-08-04 13:05:00Z INFO GitHubActionsService] Finished operation Location.GetConnectionData
[2022-08-04 13:05:00Z INFO GitHubActionsService] Finished operation Location.GetConnectionData
[2022-08-04 13:05:00Z WARN GitHubActionsService] Authentication failed with status code 401.
Transfer-Encoding: chunked
WWW-Authenticate: Bearer
Strict-Transport-Security: max-age=2592000
X-TFS-ProcessId: 61421288-8ac3-4dcf-b9e7-78b10e4683ed
ActivityId: cd7057b3-3f85-41ec-ad7c-2084c3174dfb
X-TFS-Session: 101dcaa8-cdf9-4c76-ab2d-884ebc50e193
X-VSS-E2EID: cf7cb643-42cd-442c-822f-72d44ce4851b
X-VSS-SenderDeploymentId: 7101e053-bd8e-689b-be8c-ce908c7f0053
X-TFS-ServiceError: The+user+%27System%3aPublicAccess%3baaaaaaaa-aaaa-aaaa-aaaa-aaaaaaaaaaaa%27+is+not+authorized+to+access+this+resource.
X-VSS-S2STargetService: 0000005A-0000-8888-8000-000000000000/visualstudio.com
X-Cache: CONFIG_NOCACHE
X-MSEdge-Ref: Ref A: 531BE26D0A4C4915A6C74BB11E7793ED Ref B: MIA301000106033 Ref C: 2022-08-04T13:05:00Z
Date: Thu, 04 Aug 2022 13:04:59 GMT

[2022-08-04 13:05:00Z INFO RSAFileKeyManager] Loading RSA key parameters from file /Users/nichgul/AZUREDEVOPS/PROJECTS/INFRA/TERRAFORM-VAULT/vault-guides/actions-runner/.credentials_rsaparams
[2022-08-04 13:05:00Z INFO RSAFileKeyManager] Loading RSA key parameters from file /Users/nichgul/AZUREDEVOPS/PROJECTS/INFRA/TERRAFORM-VAULT/vault-guides/actions-runner/.credentials_rsaparams
[2022-08-04 13:05:00Z INFO GitHubActionsService] AAD Correlation ID for this token request: Unknown
[2022-08-04 13:05:01Z INFO CommandSettings] Arg 'work': ''
[2022-08-04 13:05:01Z INFO CommandSettings] Flag 'unattended': 'False'
[2022-08-04 13:05:01Z INFO PromptManager] ReadValue
[2022-08-04 13:05:01Z INFO Terminal] WRITE: Enter name of work folder: 
[2022-08-04 13:05:01Z INFO Terminal] WRITE: [press Enter for _work] 
[2022-08-04 13:05:01Z INFO Terminal] READ LINE
[2022-08-04 13:05:01Z INFO Terminal] Read value: ''
[2022-08-04 13:05:01Z INFO PromptManager] Falling back to the default: '_work'
[2022-08-04 13:05:01Z INFO ConfigurationStore] Saving runner settings.
[2022-08-04 13:05:01Z INFO ConfigurationStore] Settings Saved.
[2022-08-04 13:05:01Z INFO Terminal] WRITE LINE: 
[2022-08-04 13:05:01Z INFO Terminal] WRITE LINE: 
[2022-08-04 13:05:01Z INFO OsxServiceControlManager] Service name 'actions.runner.nickgulrajani-vault-action-exampleapp.LT-APL0075987' display name 'GitHub Actions Runner (nickgulrajani-vault-action-exampleapp.LT-APL0075987)' will be used for service configuration.
[2022-08-04 13:05:01Z INFO HostContext] Well known directory 'Bin': '/Users/nichgul/AZUREDEVOPS/PROJECTS/INFRA/TERRAFORM-VAULT/vault-guides/actions-runner/bin'
[2022-08-04 13:05:01Z INFO HostContext] Well known directory 'Root': '/Users/nichgul/AZUREDEVOPS/PROJECTS/INFRA/TERRAFORM-VAULT/vault-guides/actions-runner'
[2022-08-04 13:05:01Z INFO HostContext] Well known directory 'Bin': '/Users/nichgul/AZUREDEVOPS/PROJECTS/INFRA/TERRAFORM-VAULT/vault-guides/actions-runner/bin'
[2022-08-04 13:05:01Z INFO HostContext] Well known directory 'Bin': '/Users/nichgul/AZUREDEVOPS/PROJECTS/INFRA/TERRAFORM-VAULT/vault-guides/actions-runner/bin'
[2022-08-04 13:05:01Z INFO HostContext] Well known directory 'Root': '/Users/nichgul/AZUREDEVOPS/PROJECTS/INFRA/TERRAFORM-VAULT/vault-guides/actions-runner'
[2022-08-04 13:05:01Z INFO UnixUtil] Which: 'chmod'
[2022-08-04 13:05:01Z INFO UnixUtil] Location: '/bin/chmod'
[2022-08-04 13:05:01Z INFO UnixUtil] Running /bin/chmod 755 "/Users/nichgul/AZUREDEVOPS/PROJECTS/INFRA/TERRAFORM-VAULT/vault-guides/actions-runner/svc.sh"
[2022-08-04 13:05:01Z INFO ProcessInvokerWrapper] Starting process:
[2022-08-04 13:05:01Z INFO ProcessInvokerWrapper]   File name: '/bin/chmod'
[2022-08-04 13:05:01Z INFO ProcessInvokerWrapper]   Arguments: '755 "/Users/nichgul/AZUREDEVOPS/PROJECTS/INFRA/TERRAFORM-VAULT/vault-guides/actions-runner/svc.sh"'
[2022-08-04 13:05:01Z INFO ProcessInvokerWrapper]   Working directory: '/Users/nichgul/AZUREDEVOPS/PROJECTS/INFRA/TERRAFORM-VAULT/vault-guides/actions-runner'
[2022-08-04 13:05:01Z INFO ProcessInvokerWrapper]   Require exit code zero: 'True'
[2022-08-04 13:05:01Z INFO ProcessInvokerWrapper]   Encoding web name:  ; code page: ''
[2022-08-04 13:05:01Z INFO ProcessInvokerWrapper]   Force kill process on cancellation: 'False'
[2022-08-04 13:05:01Z INFO ProcessInvokerWrapper]   Redirected STDIN: 'False'
[2022-08-04 13:05:01Z INFO ProcessInvokerWrapper]   Persist current code page: 'False'
[2022-08-04 13:05:01Z INFO ProcessInvokerWrapper]   Keep redirected STDIN open: 'False'
[2022-08-04 13:05:01Z INFO ProcessInvokerWrapper]   High priority process: 'False'
[2022-08-04 13:05:01Z INFO ProcessInvokerWrapper] Process started with process id 14240, waiting for process exit.
[2022-08-04 13:05:01Z INFO ProcessInvokerWrapper] STDOUT/STDERR stream read finished.
[2022-08-04 13:05:01Z INFO ProcessInvokerWrapper] STDOUT/STDERR stream read finished.
[2022-08-04 13:05:01Z INFO ProcessInvokerWrapper] Finished process 14240 with exit code 0, and elapsed time 00:00:00.0098952.
[2022-08-04 13:05:01Z INFO Listener] Runner execution has finished with return code 0
